Running from: /opt/homebrew/Cellar/jenkins-lts/2.479.2/libexec/jenkins.war
webroot: /Users/choijonghak/.jenkins/war
2024-12-22 14:18:06.698+0000 [id=1]	INFO	winstone.Logger#logInternal: Beginning extraction from war file
2024-12-22 14:18:06.738+0000 [id=1]	WARNING	o.e.j.ee9.nested.ContextHandler#setContextPath: Empty contextPath
2024-12-22 14:18:06.774+0000 [id=1]	INFO	org.eclipse.jetty.server.Server#doStart: jetty-12.0.13; built: 2024-09-03T03:04:05.240Z; git: 816018a420329c1cacd4116799cda8c8c60a57cd; jvm 17.0.10+11-LTS-240
2024-12-22 14:18:07.100+0000 [id=1]	INFO	o.e.j.e.w.StandardDescriptorProcessor#visitServlet: NO JSP Support for /, did not find org.eclipse.jetty.ee9.jsp.JettyJspServlet
2024-12-22 14:18:07.133+0000 [id=1]	INFO	o.e.j.s.DefaultSessionIdManager#doStart: Session workerName=node0
2024-12-22 14:18:07.781+0000 [id=1]	INFO	hudson.WebAppMain#contextInitialized: Jenkins home directory: /Users/choijonghak/.jenkins found at: $user.home/.jenkins
2024-12-22 14:18:08.656+0000 [id=1]	INFO	o.e.j.s.handler.ContextHandler#doStart: Started oeje9n.ContextHandler$CoreContextHandler@43c67247{Jenkins v2.479.2,/,b=file:///Users/choijonghak/.jenkins/war/,a=AVAILABLE,h=oeje9n.ContextHandler$CoreContextHandler$CoreToNestedHandler@fac80{STARTED}}
2024-12-22 14:18:08.670+0000 [id=1]	INFO	o.e.j.server.AbstractConnector#doStart: Started ServerConnector@402f80f5{HTTP/1.1, (http/1.1)}{0.0.0.0:8080}
2024-12-22 14:18:08.675+0000 [id=1]	INFO	org.eclipse.jetty.server.Server#doStart: Started oejs.Server@4278a03f{STARTING}[12.0.13,sto=0] @2320ms
2024-12-22 14:18:08.676+0000 [id=27]	INFO	winstone.Logger#logInternal: Winstone Servlet Engine running: controlPort=disabled
2024-12-22 14:18:08.786+0000 [id=33]	INFO	jenkins.InitReactorRunner$1#onAttained: Started initialization
2024-12-22 14:18:08.878+0000 [id=35]	INFO	jenkins.InitReactorRunner$1#onAttained: Listed all plugins
2024-12-22 14:18:10.599+0000 [id=44]	INFO	jenkins.InitReactorRunner$1#onAttained: Prepared all plugins
2024-12-22 14:18:10.608+0000 [id=44]	INFO	jenkins.InitReactorRunner$1#onAttained: Started all plugins
2024-12-22 14:18:10.609+0000 [id=42]	INFO	jenkins.InitReactorRunner$1#onAttained: Augmented all extensions
2024-12-22 14:18:10.771+0000 [id=33]	INFO	h.p.b.g.GlobalTimeOutConfiguration#load: global timeout not set
2024-12-22 14:18:11.307+0000 [id=34]	INFO	jenkins.InitReactorRunner$1#onAttained: System config loaded
2024-12-22 14:18:11.307+0000 [id=34]	INFO	jenkins.InitReactorRunner$1#onAttained: System config adapted
2024-12-22 14:18:11.340+0000 [id=44]	INFO	jenkins.InitReactorRunner$1#onAttained: Loaded all jobs
2024-12-22 14:18:11.352+0000 [id=47]	INFO	jenkins.InitReactorRunner$1#onAttained: Configuration for all jobs updated
2024-12-22 14:18:11.358+0000 [id=61]	INFO	hudson.util.Retrier#start: Attempt #1 to do the action check updates server
2024-12-22 14:18:11.368+0000 [id=36]	INFO	jenkins.InitReactorRunner$1#onAttained: Completed initialization
2024-12-22 14:18:11.392+0000 [id=26]	INFO	o.j.p.g.j.JobFinderImpersonater$JobItemListener#onLoaded: Loaded 0 jobs in cache
2024-12-22 14:18:11.393+0000 [id=26]	INFO	hudson.lifecycle.Lifecycle#onReady: Jenkins is fully up and running
2024-12-22 14:18:17.160+0000 [id=61]	INFO	h.m.DownloadService$Downloadable#load: Obtained the updated data file for hudson.tasks.Maven.MavenInstaller
2024-12-22 14:18:18.699+0000 [id=61]	INFO	h.m.DownloadService$Downloadable#load: Obtained the updated data file for hudson.tasks.Ant.AntInstaller
2024-12-22 14:18:20.263+0000 [id=61]	INFO	h.m.DownloadService$Downloadable#load: Obtained the updated data file for hudson.plugins.gradle.GradleInstaller
2024-12-22 14:18:20.263+0000 [id=61]	INFO	hudson.util.Retrier#start: Performed the action check updates server successfully at the attempt #1
2024-12-22 15:41:53.860+0000 [id=22]	INFO	hudson.PluginManager#install: Starting installation of a batch of 1 plugins plus their dependencies
2024-12-22 15:41:54.630+0000 [id=429]	INFO	h.model.UpdateCenter$DownloadJob#run: Starting the installation of slack on behalf of playdodo
2024-12-22 15:41:54.644+0000 [id=429]	INFO	h.m.UpdateCenter$UpdateCenterConfiguration#download: Downloading slack
2024-12-22 15:41:55.951+0000 [id=117]	INFO	hudson.model.UpdateCenter#doSafeRestart: Scheduling Jenkins reboot
2024-12-22 15:41:57.643+0000 [id=429]	INFO	h.model.UpdateCenter$DownloadJob#run: Installation successful: slack
2024-12-22 15:41:57.643+0000 [id=429]	INFO	h.m.UpdateCenter$CompleteBatchJob#run: Completing installing of plugin batch…
2024-12-22 15:41:57.847+0000 [id=438]	INFO	jenkins.InitReactorRunner$1#onAttained: Started initialization
2024-12-22 15:41:57.847+0000 [id=441]	INFO	jenkins.InitReactorRunner$1#onAttained: Listed all plugins
2024-12-22 15:41:57.848+0000 [id=446]	INFO	jenkins.InitReactorRunner$1#onAttained: Prepared all plugins
2024-12-22 15:41:57.848+0000 [id=452]	INFO	jenkins.InitReactorRunner$1#onAttained: Started all plugins
2024-12-22 15:41:57.848+0000 [id=442]	INFO	jenkins.InitReactorRunner$1#onAttained: Augmented all extensions
2024-12-22 15:41:57.848+0000 [id=442]	INFO	jenkins.InitReactorRunner$1#onAttained: System config loaded
2024-12-22 15:41:57.848+0000 [id=446]	INFO	jenkins.InitReactorRunner$1#onAttained: System config adapted
2024-12-22 15:41:57.848+0000 [id=446]	INFO	jenkins.InitReactorRunner$1#onAttained: Loaded all jobs
2024-12-22 15:41:57.848+0000 [id=445]	INFO	jenkins.InitReactorRunner$1#onAttained: Configuration for all jobs updated
2024-12-22 15:41:57.849+0000 [id=445]	INFO	jenkins.InitReactorRunner$1#onAttained: Completed initialization
2024-12-22 15:41:57.849+0000 [id=429]	INFO	h.m.UpdateCenter$CompleteBatchJob#run: Completed installation of 1 plugins in 3.9 sec
2024-12-22 15:41:57.850+0000 [id=454]	INFO	hudson.lifecycle.Lifecycle#onStatusUpdate: Restart in 10 seconds
2024-12-22 15:42:07.856+0000 [id=454]	INFO	hudson.lifecycle.Lifecycle#onStop: Stopping Jenkins as requested by playdodo
2024-12-22 15:42:07.859+0000 [id=454]	INFO	hudson.lifecycle.Lifecycle#onStatusUpdate: Stopping Jenkins
2024-12-22 15:42:07.883+0000 [id=454]	INFO	jenkins.model.Jenkins$16#onAttained: Started termination
2024-12-22 15:42:07.892+0000 [id=454]	INFO	h.p.b.global.Lifecycle#shutdown: Shutdown complete - Global TimeOut ScheduledExecutorService had 0 tasks pending
2024-12-22 15:42:07.897+0000 [id=454]	INFO	jenkins.model.Jenkins$16#onAttained: Completed termination
2024-12-22 15:42:07.897+0000 [id=454]	INFO	jenkins.model.Jenkins#_cleanUpDisconnectComputers: Starting node disconnection
2024-12-22 15:42:07.899+0000 [id=454]	INFO	jenkins.model.Jenkins#_cleanUpShutdownPluginManager: Stopping plugin manager
2024-12-22 15:42:07.907+0000 [id=454]	INFO	jenkins.model.Jenkins#_cleanUpPersistQueue: Persisting build queue
2024-12-22 15:42:07.914+0000 [id=454]	INFO	jenkins.model.Jenkins#_cleanUpAwaitDisconnects: Waiting for node disconnection completion
2024-12-22 15:42:07.915+0000 [id=454]	INFO	hudson.lifecycle.Lifecycle#onStatusUpdate: Jenkins stopped
Running from: /opt/homebrew/Cellar/jenkins-lts/2.479.2/libexec/jenkins.war
webroot: /Users/choijonghak/.jenkins/war
2024-12-22 15:42:08.325+0000 [id=1]	INFO	winstone.Logger#logInternal: Beginning extraction from war file
2024-12-22 15:42:08.364+0000 [id=1]	WARNING	o.e.j.ee9.nested.ContextHandler#setContextPath: Empty contextPath
2024-12-22 15:42:08.400+0000 [id=1]	INFO	org.eclipse.jetty.server.Server#doStart: jetty-12.0.13; built: 2024-09-03T03:04:05.240Z; git: 816018a420329c1cacd4116799cda8c8c60a57cd; jvm 17.0.10+11-LTS-240
2024-12-22 15:42:08.701+0000 [id=1]	INFO	o.e.j.e.w.StandardDescriptorProcessor#visitServlet: NO JSP Support for /, did not find org.eclipse.jetty.ee9.jsp.JettyJspServlet
2024-12-22 15:42:08.731+0000 [id=1]	INFO	o.e.j.s.DefaultSessionIdManager#doStart: Session workerName=node0
2024-12-22 15:42:09.027+0000 [id=1]	INFO	hudson.WebAppMain#contextInitialized: Jenkins home directory: /Users/choijonghak/.jenkins found at: $user.home/.jenkins
2024-12-22 15:42:09.437+0000 [id=1]	INFO	o.e.j.s.handler.ContextHandler#doStart: Started oeje9n.ContextHandler$CoreContextHandler@43c67247{Jenkins v2.479.2,/,b=file:///Users/choijonghak/.jenkins/war/,a=AVAILABLE,h=oeje9n.ContextHandler$CoreContextHandler$CoreToNestedHandler@fac80{STARTED}}
2024-12-22 15:42:09.449+0000 [id=1]	INFO	o.e.j.server.AbstractConnector#doStart: Started ServerConnector@5bbc9f97{HTTP/1.1, (http/1.1)}{0.0.0.0:8080}
2024-12-22 15:42:09.455+0000 [id=1]	INFO	org.eclipse.jetty.server.Server#doStart: Started oejs.Server@4278a03f{STARTING}[12.0.13,sto=0] @1470ms
2024-12-22 15:42:09.456+0000 [id=27]	INFO	winstone.Logger#logInternal: Winstone Servlet Engine running: controlPort=disabled
2024-12-22 15:42:09.561+0000 [id=33]	INFO	jenkins.InitReactorRunner$1#onAttained: Started initialization
2024-12-22 15:42:09.656+0000 [id=47]	INFO	jenkins.InitReactorRunner$1#onAttained: Listed all plugins
2024-12-22 15:42:11.727+0000 [id=44]	INFO	jenkins.InitReactorRunner$1#onAttained: Prepared all plugins
2024-12-22 15:42:11.736+0000 [id=35]	INFO	jenkins.InitReactorRunner$1#onAttained: Started all plugins
2024-12-22 15:42:11.739+0000 [id=36]	INFO	jenkins.InitReactorRunner$1#onAttained: Augmented all extensions
2024-12-22 15:42:11.911+0000 [id=32]	INFO	h.p.b.g.GlobalTimeOutConfiguration#load: global timeout not set
2024-12-22 15:42:12.661+0000 [id=45]	INFO	jenkins.InitReactorRunner$1#onAttained: System config loaded
2024-12-22 15:42:12.661+0000 [id=45]	INFO	jenkins.InitReactorRunner$1#onAttained: System config adapted
2024-12-22 15:42:12.703+0000 [id=46]	INFO	jenkins.InitReactorRunner$1#onAttained: Loaded all jobs
2024-12-22 15:42:12.719+0000 [id=38]	INFO	jenkins.InitReactorRunner$1#onAttained: Configuration for all jobs updated
2024-12-22 15:42:12.736+0000 [id=36]	INFO	jenkins.InitReactorRunner$1#onAttained: Completed initialization
2024-12-22 15:42:12.758+0000 [id=26]	INFO	o.j.p.g.j.JobFinderImpersonater$JobItemListener#onLoaded: Loaded 0 jobs in cache
2024-12-22 15:42:12.759+0000 [id=26]	INFO	hudson.lifecycle.Lifecycle#onReady: Jenkins is fully up and running
2024-12-22 15:51:00.031+0000 [id=18]	INFO	h.p.b.g.GlobalTimeOutConfiguration#configure: global timeout has been cleared
2024-12-22 15:51:11.913+0000 [id=16]	INFO	h.p.b.g.GlobalTimeOutConfiguration#configure: global timeout has been cleared
